Build started 7/31/2013 9:55:42 AM.
     1>Project "E:\COD CLASS\C++\assignment5_Hong Zhang\part-2\part-2.vcxproj" on node 3 (build target(s)).
     1>InitializeBuildStatus:
         Creating "Debug\part-2.unsuccessfulbuild" because "AlwaysCreate" was specified.
       ClCompile:
         All outputs are up-to-date.
         e:\COD CLASS\Programming Logic and Technique\Assignment\VC\bin\CL.exe /c /ZI /nologo /W3 /WX- /Od /Oy- /D WIN32 /D _DEBUG /D _CONSOLE /D _UNICODE /D UNICODE /Gm /EHsc /RTC1 /MDd /GS /fp:precise /Zc:wchar_t /Zc:forScope /Yu"StdAfx.h" /Fp"Debug\part-2.pch" /Fo"Debug\\" /Fd"Debug\vc100.pdb" /Gd /TP /analyze- /errorReport:prompt Invoice.cpp "part-2.cpp"
         Invoice.cpp
         Generating Code...
         Compiling...
         part-2.cpp
         Generating Code...
       ManifestResourceCompile:
         All outputs are up-to-date.
       Link:
         e:\COD CLASS\Programming Logic and Technique\Assignment\VC\bin\link.exe /ERRORREPORT:PROMPT /OUT:"E:\COD CLASS\C++\assignment5_Hong Zhang\Debug\part-2.exe" /INCREMENTAL /NOLOGO kernel32.lib user32.lib gdi32.lib winspool.lib comdlg32.lib advapi32.lib shell32.lib ole32.lib oleaut32.lib uuid.lib odbc32.lib odbccp32.lib /MANIFEST /ManifestFile:"Debug\part-2.exe.intermediate.manifest" /MANIFESTUAC:"level='asInvoker' uiAccess='false'" /DEBUG /PDB:"E:\COD CLASS\C++\assignment5_Hong Zhang\Debug\part-2.pdb" /SUBSYSTEM:CONSOLE /TLBID:1 /DYNAMICBASE /NXCOMPAT /IMPLIB:"E:\COD CLASS\C++\assignment5_Hong Zhang\Debug\part-2.lib" /MACHINE:X86 "Debug\part-2.exe.embed.manifest.res"
         Debug\Invoice.obj
         "Debug\part-2.obj"
         Debug\stdafx.obj
       Manifest:
         C:\Program Files\Microsoft SDKs\Windows\v7.0A\bin\mt.exe /nologo /verbose /out:"Debug\part-2.exe.embed.manifest" /manifest "Debug\part-2.exe.intermediate.manifest"
         All outputs are up-to-date.
       LinkEmbedManifest:
         All outputs are up-to-date.
         part-2.vcxproj -> E:\COD CLASS\C++\assignment5_Hong Zhang\Debug\part-2.exe
       FinalizeBuildStatus:
         Deleting file "Debug\part-2.unsuccessfulbuild".
         Touching "Debug\part-2.lastbuildstate".
     1>Done Building Project "E:\COD CLASS\C++\assignment5_Hong Zhang\part-2\part-2.vcxproj" (build target(s)).

Build succeeded.

Time Elapsed 00:00:02.64
