Build started 7/10/2013 2:57:56 PM.
     1>Project "C:\Documents and Settings\Jianhua Jiang\Desktop\Assignment-4\Assignment-4\Assignment-4.vcxproj" on node 3 (rebuild target(s)).
     1>_PrepareForClean:
         Deleting file "Debug\Assignment-4.lastbuildstate".
       InitializeBuildStatus:
         Creating "Debug\Assignment-4.unsuccessfulbuild" because "AlwaysCreate" was specified.
       ClCompile:
         e:\COD CLASS\Programming Logic and Technique\Assignment\VC\bin\CL.exe /c /ZI /nologo /W3 /WX- /Od /Oy- /D WIN32 /D _DEBUG /D _CONSOLE /D _UNICODE /D UNICODE /Gm /EHsc /RTC1 /MDd /GS /fp:precise /Zc:wchar_t /Zc:forScope /Yc"StdAfx.h" /Fp"Debug\Assignment-4.pch" /Fo"Debug\\" /Fd"Debug\vc100.pdb" /Gd /TP /analyze- /errorReport:prompt stdafx.cpp
         stdafx.cpp
         e:\COD CLASS\Programming Logic and Technique\Assignment\VC\bin\CL.exe /c /ZI /nologo /W3 /WX- /Od /Oy- /D WIN32 /D _DEBUG /D _CONSOLE /D _UNICODE /D UNICODE /Gm /EHsc /RTC1 /MDd /GS /fp:precise /Zc:wchar_t /Zc:forScope /Yu"StdAfx.h" /Fp"Debug\Assignment-4.pch" /Fo"Debug\\" /Fd"Debug\vc100.pdb" /Gd /TP /analyze- /errorReport:prompt "Assignment-4.cpp"
         Assignment-4.cpp
       ManifestResourceCompile:
         C:\Program Files\Microsoft SDKs\Windows\v7.0A\bin\rc.exe /nologo /fo"Debug\Assignment-4.exe.embed.manifest.res" Debug\Assignment-4_manifest.rc 
       Link:
         e:\COD CLASS\Programming Logic and Technique\Assignment\VC\bin\link.exe /ERRORREPORT:PROMPT /OUT:"C:\Documents and Settings\Jianhua Jiang\Desktop\Assignment-4\Debug\Assignment-4.exe" /INCREMENTAL /NOLOGO kernel32.lib user32.lib gdi32.lib winspool.lib comdlg32.lib advapi32.lib shell32.lib ole32.lib oleaut32.lib uuid.lib odbc32.lib odbccp32.lib /MANIFEST /ManifestFile:"Debug\Assignment-4.exe.intermediate.manifest" /MANIFESTUAC:"level='asInvoker' uiAccess='false'" /DEBUG /PDB:"C:\Documents and Settings\Jianhua Jiang\Desktop\Assignment-4\Debug\Assignment-4.pdb" /SUBSYSTEM:CONSOLE /TLBID:1 /DYNAMICBASE /NXCOMPAT /IMPLIB:"C:\Documents and Settings\Jianhua Jiang\Desktop\Assignment-4\Debug\Assignment-4.lib" /MACHINE:X86 "Debug\Assignment-4.exe.embed.manifest.res"
         "Debug\Assignment-4.obj"
         Debug\stdafx.obj
       Manifest:
         Deleting file "Debug\Assignment-4.exe.embed.manifest".
         C:\Program Files\Microsoft SDKs\Windows\v7.0A\bin\mt.exe /nologo /verbose /out:"Debug\Assignment-4.exe.embed.manifest" /manifest "Debug\Assignment-4.exe.intermediate.manifest"
         C:\Program Files\Microsoft SDKs\Windows\v7.0A\bin\rc.exe /nologo /fo"Debug\Assignment-4.exe.embed.manifest.res" Debug\Assignment-4_manifest.rc 
       LinkEmbedManifest:
         e:\COD CLASS\Programming Logic and Technique\Assignment\VC\bin\link.exe /ERRORREPORT:PROMPT /OUT:"C:\Documents and Settings\Jianhua Jiang\Desktop\Assignment-4\Debug\Assignment-4.exe" /INCREMENTAL /NOLOGO kernel32.lib user32.lib gdi32.lib winspool.lib comdlg32.lib advapi32.lib shell32.lib ole32.lib oleaut32.lib uuid.lib odbc32.lib odbccp32.lib /MANIFEST /ManifestFile:"Debug\Assignment-4.exe.intermediate.manifest" /MANIFESTUAC:"level='asInvoker' uiAccess='false'" /DEBUG /PDB:"C:\Documents and Settings\Jianhua Jiang\Desktop\Assignment-4\Debug\Assignment-4.pdb" /SUBSYSTEM:CONSOLE /TLBID:1 /DYNAMICBASE /NXCOMPAT /IMPLIB:"C:\Documents and Settings\Jianhua Jiang\Desktop\Assignment-4\Debug\Assignment-4.lib" /MACHINE:X86 "Debug\Assignment-4.exe.embed.manifest.res"
         "Debug\Assignment-4.obj"
         Debug\stdafx.obj
         Assignment-4.vcxproj -> C:\Documents and Settings\Jianhua Jiang\Desktop\Assignment-4\Debug\Assignment-4.exe
       FinalizeBuildStatus:
         Deleting file "Debug\Assignment-4.unsuccessfulbuild".
         Touching "Debug\Assignment-4.lastbuildstate".
     1>Done Building Project "C:\Documents and Settings\Jianhua Jiang\Desktop\Assignment-4\Assignment-4\Assignment-4.vcxproj" (rebuild target(s)).

Build succeeded.

Time Elapsed 00:00:04.70
