C:\DOCUMENTS AND SETTINGS\JIANHUA JIANG\DESKTOP\ASSIGNMENT-4\ASSIGNMENT-4\DEBUG\ASSIGNMENT-4.EXE.EMBED.MANIFEST
C:\DOCUMENTS AND SETTINGS\JIANHUA JIANG\DESKTOP\ASSIGNMENT-4\ASSIGNMENT-4\DEBUG\ASSIGNMENT-4.EXE.EMBED.MANIFEST.RES
C:\DOCUMENTS AND SETTINGS\JIANHUA JIANG\DESKTOP\ASSIGNMENT-4\ASSIGNMENT-4\DEBUG\ASSIGNMENT-4.EXE.INTERMEDIATE.MANIFEST
C:\DOCUMENTS AND SETTINGS\JIANHUA JIANG\DESKTOP\ASSIGNMENT-4\ASSIGNMENT-4\DEBUG\ASSIGNMENT-4.OBJ
C:\DOCUMENTS AND SETTINGS\JIANHUA JIANG\DESKTOP\ASSIGNMENT-4\ASSIGNMENT-4\DEBUG\ASSIGNMENT-4.PCH
C:\Documents and Settings\Jianhua Jiang\Desktop\Assignment-4\Assignment-4\Debug\Assignment-4_manifest.rc
C:\Documents and Settings\Jianhua Jiang\Desktop\Assignment-4\Assignment-4\Debug\cl.command.1.tlog
C:\Documents and Settings\Jianhua Jiang\Desktop\Assignment-4\Assignment-4\Debug\CL.read.1.tlog
C:\Documents and Settings\Jianhua Jiang\Desktop\Assignment-4\Assignment-4\Debug\CL.write.1.tlog
C:\Documents and Settings\Jianhua Jiang\Desktop\Assignment-4\Assignment-4\Debug\link.4232.read.1.tlog
C:\Documents and Settings\Jianhua Jiang\Desktop\Assignment-4\Assignment-4\Debug\link.4232.write.1.tlog
C:\Documents and Settings\Jianhua Jiang\Desktop\Assignment-4\Assignment-4\Debug\link.4232-cvtres.read.1.tlog
C:\Documents and Settings\Jianhua Jiang\Desktop\Assignment-4\Assignment-4\Debug\link.4232-cvtres.write.1.tlog
C:\Documents and Settings\Jianhua Jiang\Desktop\Assignment-4\Assignment-4\Debug\link.command.1.tlog
C:\Documents and Settings\Jianhua Jiang\Desktop\Assignment-4\Assignment-4\Debug\link.read.1.tlog
C:\Documents and Settings\Jianhua Jiang\Desktop\Assignment-4\Assignment-4\Debug\link.write.1.tlog
C:\Documents and Settings\Jianhua Jiang\Desktop\Assignment-4\Assignment-4\Debug\link-cvtres.read.1.tlog
C:\Documents and Settings\Jianhua Jiang\Desktop\Assignment-4\Assignment-4\Debug\link-cvtres.write.1.tlog
C:\Documents and Settings\Jianhua Jiang\Desktop\Assignment-4\Assignment-4\Debug\mt.command.1.tlog
C:\Documents and Settings\Jianhua Jiang\Desktop\Assignment-4\Assignment-4\Debug\mt.read.1.tlog
C:\Documents and Settings\Jianhua Jiang\Desktop\Assignment-4\Assignment-4\Debug\mt.write.1.tlog
C:\Documents and Settings\Jianhua Jiang\Desktop\Assignment-4\Assignment-4\Debug\rc.command.1.tlog
C:\Documents and Settings\Jianhua Jiang\Desktop\Assignment-4\Assignment-4\Debug\rc.read.1.tlog
C:\Documents and Settings\Jianhua Jiang\Desktop\Assignment-4\Assignment-4\Debug\rc.write.1.tlog
C:\DOCUMENTS AND SETTINGS\JIANHUA JIANG\DESKTOP\ASSIGNMENT-4\ASSIGNMENT-4\DEBUG\STDAFX.OBJ
C:\Documents and Settings\Jianhua Jiang\Desktop\Assignment-4\Assignment-4\Debug\vc100.idb
C:\DOCUMENTS AND SETTINGS\JIANHUA JIANG\DESKTOP\ASSIGNMENT-4\ASSIGNMENT-4\DEBUG\VC100.PDB
C:\DOCUMENTS AND SETTINGS\JIANHUA JIANG\DESKTOP\ASSIGNMENT-4\DEBUG\ASSIGNMENT-4.EXE
C:\DOCUMENTS AND SETTINGS\JIANHUA JIANG\DESKTOP\ASSIGNMENT-4\DEBUG\ASSIGNMENT-4.ILK
C:\DOCUMENTS AND SETTINGS\JIANHUA JIANG\DESKTOP\ASSIGNMENT-4\DEBUG\ASSIGNMENT-4.PDB
