Build started 6/25/2013 4:19:09 PM.
     1>Project "E:\COD CLASS\C++\Assignment-2\asterisks\asterisks\asterisks.vcxproj" on node 2 (build target(s)).
     1>InitializeBuildStatus:
         Creating "Debug\asterisks.unsuccessfulbuild" because "AlwaysCreate" was specified.
       ClCompile:
         All outputs are up-to-date.
         e:\COD CLASS\Programming Logic and Technique\Assignment\VC\bin\CL.exe /c /ZI /nologo /W3 /WX- /Od /Oy- /D WIN32 /D _DEBUG /D _CONSOLE /D _UNICODE /D UNICODE /Gm /EHsc /RTC1 /MDd /GS /fp:precise /Zc:wchar_t /Zc:forScope /Yu"StdAfx.h" /Fp"Debug\asterisks.pch" /Fo"Debug\\" /Fd"Debug\vc100.pdb" /Gd /TP /analyze- /errorReport:prompt asterisks.cpp
         asterisks.cpp
       ManifestResourceCompile:
         All outputs are up-to-date.
       Link:
         e:\COD CLASS\Programming Logic and Technique\Assignment\VC\bin\link.exe /ERRORREPORT:PROMPT /OUT:"E:\COD CLASS\C++\Assignment-2\asterisks\Debug\asterisks.exe" /INCREMENTAL /NOLOGO kernel32.lib user32.lib gdi32.lib winspool.lib comdlg32.lib advapi32.lib shell32.lib ole32.lib oleaut32.lib uuid.lib odbc32.lib odbccp32.lib /MANIFEST /ManifestFile:"Debug\asterisks.exe.intermediate.manifest" /MANIFESTUAC:"level='asInvoker' uiAccess='false'" /DEBUG /PDB:"E:\COD CLASS\C++\Assignment-2\asterisks\Debug\asterisks.pdb" /SUBSYSTEM:CONSOLE /TLBID:1 /DYNAMICBASE /NXCOMPAT /IMPLIB:"E:\COD CLASS\C++\Assignment-2\asterisks\Debug\asterisks.lib" /MACHINE:X86 Debug\asterisks.exe.embed.manifest.res
         Debug\asterisks.obj
         Debug\stdafx.obj
       Manifest:
         C:\Program Files\Microsoft SDKs\Windows\v7.0A\bin\mt.exe /nologo /verbose /out:"Debug\asterisks.exe.embed.manifest" /manifest Debug\asterisks.exe.intermediate.manifest
         All outputs are up-to-date.
       LinkEmbedManifest:
         All outputs are up-to-date.
         asterisks.vcxproj -> E:\COD CLASS\C++\Assignment-2\asterisks\Debug\asterisks.exe
       FinalizeBuildStatus:
         Deleting file "Debug\asterisks.unsuccessfulbuild".
         Touching "Debug\asterisks.lastbuildstate".
     1>Done Building Project "E:\COD CLASS\C++\Assignment-2\asterisks\asterisks\asterisks.vcxproj" (build target(s)).

Build succeeded.

Time Elapsed 00:00:01.64
