Build started 7/9/2013 11:17:13 PM.
     1>Project "C:\Documents and Settings\Jianhua Jiang\Desktop\Assignment-3\part-2\part-2.vcxproj" on node 3 (build target(s)).
     1>InitializeBuildStatus:
         Creating "Debug\part-2.unsuccessfulbuild" because "AlwaysCreate" was specified.
       ClCompile:
         All outputs are up-to-date.
         e:\COD CLASS\Programming Logic and Technique\Assignment\VC\bin\CL.exe /c /ZI /nologo /W3 /WX- /Od /Oy- /D WIN32 /D _DEBUG /D _CONSOLE /D _UNICODE /D UNICODE /Gm /EHsc /RTC1 /MDd /GS /fp:precise /Zc:wchar_t /Zc:forScope /Yu"StdAfx.h" /Fp"Debug\part-2.pch" /Fo"Debug\\" /Fd"Debug\vc100.pdb" /Gd /TP /analyze- /errorReport:prompt "part-2.cpp"
         part-2.cpp
     1>c:\documents and settings\jianhua jiang\desktop\assignment-3\part-2\part-2.cpp(205): warning C4996: 'strnicmp': The POSIX name for this item is deprecated. Instead, use the ISO C++ conformant name: _strnicmp. See online help for details.
                 e:\cod class\programming logic and technique\assignment\vc\include\string.h(248) : see declaration of 'strnicmp'
     1>c:\documents and settings\jianhua jiang\desktop\assignment-3\part-2\part-2.cpp(216): warning C4996: 'strnicmp': The POSIX name for this item is deprecated. Instead, use the ISO C++ conformant name: _strnicmp. See online help for details.
                 e:\cod class\programming logic and technique\assignment\vc\include\string.h(248) : see declaration of 'strnicmp'
     1>c:\documents and settings\jianhua jiang\desktop\assignment-3\part-2\part-2.cpp(245): warning C4996: 'strcpy': This function or variable may be unsafe. Consider using strcpy_s instead. To disable deprecation, use _CRT_SECURE_NO_WARNINGS. See online help for details.
                 e:\cod class\programming logic and technique\assignment\vc\include\string.h(105) : see declaration of 'strcpy'
     1>c:\documents and settings\jianhua jiang\desktop\assignment-3\part-2\part-2.cpp(249): warning C4996: 'stricmp': The POSIX name for this item is deprecated. Instead, use the ISO C++ conformant name: _stricmp. See online help for details.
                 e:\cod class\programming logic and technique\assignment\vc\include\string.h(246) : see declaration of 'stricmp'
     1>c:\documents and settings\jianhua jiang\desktop\assignment-3\part-2\part-2.cpp(252): warning C4996: 'strcpy': This function or variable may be unsafe. Consider using strcpy_s instead. To disable deprecation, use _CRT_SECURE_NO_WARNINGS. See online help for details.
                 e:\cod class\programming logic and technique\assignment\vc\include\string.h(105) : see declaration of 'strcpy'
     1>c:\documents and settings\jianhua jiang\desktop\assignment-3\part-2\part-2.cpp(273): warning C4996: 'strcpy': This function or variable may be unsafe. Consider using strcpy_s instead. To disable deprecation, use _CRT_SECURE_NO_WARNINGS. See online help for details.
                 e:\cod class\programming logic and technique\assignment\vc\include\string.h(105) : see declaration of 'strcpy'
     1>c:\documents and settings\jianhua jiang\desktop\assignment-3\part-2\part-2.cpp(274): warning C4996: 'strcpy': This function or variable may be unsafe. Consider using strcpy_s instead. To disable deprecation, use _CRT_SECURE_NO_WARNINGS. See online help for details.
                 e:\cod class\programming logic and technique\assignment\vc\include\string.h(105) : see declaration of 'strcpy'
     1>c:\documents and settings\jianhua jiang\desktop\assignment-3\part-2\part-2.cpp(275): warning C4996: 'strcpy': This function or variable may be unsafe. Consider using strcpy_s instead. To disable deprecation, use _CRT_SECURE_NO_WARNINGS. See online help for details.
                 e:\cod class\programming logic and technique\assignment\vc\include\string.h(105) : see declaration of 'strcpy'
     1>c:\documents and settings\jianhua jiang\desktop\assignment-3\part-2\part-2.cpp(297): warning C4101: 'startScan' : unreferenced local variable
     1>c:\documents and settings\jianhua jiang\desktop\assignment-3\part-2\part-2.cpp(330): warning C4996: 'strcpy': This function or variable may be unsafe. Consider using strcpy_s instead. To disable deprecation, use _CRT_SECURE_NO_WARNINGS. See online help for details.
                 e:\cod class\programming logic and technique\assignment\vc\include\string.h(105) : see declaration of 'strcpy'
     1>c:\documents and settings\jianhua jiang\desktop\assignment-3\part-2\part-2.cpp(331): warning C4996: 'strcpy': This function or variable may be unsafe. Consider using strcpy_s instead. To disable deprecation, use _CRT_SECURE_NO_WARNINGS. See online help for details.
                 e:\cod class\programming logic and technique\assignment\vc\include\string.h(105) : see declaration of 'strcpy'
     1>c:\documents and settings\jianhua jiang\desktop\assignment-3\part-2\part-2.cpp(332): warning C4996: 'strcpy': This function or variable may be unsafe. Consider using strcpy_s instead. To disable deprecation, use _CRT_SECURE_NO_WARNINGS. See online help for details.
                 e:\cod class\programming logic and technique\assignment\vc\include\string.h(105) : see declaration of 'strcpy'
       ManifestResourceCompile:
         All outputs are up-to-date.
       Link:
         e:\COD CLASS\Programming Logic and Technique\Assignment\VC\bin\link.exe /ERRORREPORT:PROMPT /OUT:"C:\Documents and Settings\Jianhua Jiang\Desktop\Assignment-3\Debug\part-2.exe" /INCREMENTAL /NOLOGO kernel32.lib user32.lib gdi32.lib winspool.lib comdlg32.lib advapi32.lib shell32.lib ole32.lib oleaut32.lib uuid.lib odbc32.lib odbccp32.lib /MANIFEST /ManifestFile:"Debug\part-2.exe.intermediate.manifest" /MANIFESTUAC:"level='asInvoker' uiAccess='false'" /DEBUG /PDB:"C:\Documents and Settings\Jianhua Jiang\Desktop\Assignment-3\Debug\part-2.pdb" /SUBSYSTEM:CONSOLE /TLBID:1 /DYNAMICBASE /NXCOMPAT /IMPLIB:"C:\Documents and Settings\Jianhua Jiang\Desktop\Assignment-3\Debug\part-2.lib" /MACHINE:X86 "Debug\part-2.exe.embed.manifest.res"
         "Debug\part-2.obj"
         Debug\stdafx.obj
       Manifest:
         C:\Program Files\Microsoft SDKs\Windows\v7.0A\bin\mt.exe /nologo /verbose /out:"Debug\part-2.exe.embed.manifest" /manifest "Debug\part-2.exe.intermediate.manifest"
         All outputs are up-to-date.
       LinkEmbedManifest:
         All outputs are up-to-date.
         part-2.vcxproj -> C:\Documents and Settings\Jianhua Jiang\Desktop\Assignment-3\Debug\part-2.exe
       FinalizeBuildStatus:
         Deleting file "Debug\part-2.unsuccessfulbuild".
         Touching "Debug\part-2.lastbuildstate".
     1>Done Building Project "C:\Documents and Settings\Jianhua Jiang\Desktop\Assignment-3\part-2\part-2.vcxproj" (build target(s)).

Build succeeded.

Time Elapsed 00:00:01.73
