Build started 6/26/2013 10:06:35 AM.
     1>Project "E:\COD CLASS\C++\Assignment-2\Assignment-2\Assignment-2\Assignment-2.vcxproj" on node 2 (build target(s)).
     1>InitializeBuildStatus:
         Creating "Debug\Assignment-2.unsuccessfulbuild" because "AlwaysCreate" was specified.
       ClCompile:
         All outputs are up-to-date.
         e:\COD CLASS\Programming Logic and Technique\Assignment\VC\bin\CL.exe /c /ZI /nologo /W3 /WX- /Od /Oy- /D WIN32 /D _DEBUG /D _CONSOLE /D _UNICODE /D UNICODE /Gm /EHsc /RTC1 /MDd /GS /fp:precise /Zc:wchar_t /Zc:forScope /Yu"StdAfx.h" /Fp"Debug\Assignment-2.pch" /Fo"Debug\\" /Fd"Debug\vc100.pdb" /Gd /TP /analyze- /errorReport:prompt "Assignment-2.cpp"
         Assignment-2.cpp
       ManifestResourceCompile:
         All outputs are up-to-date.
       Link:
         e:\COD CLASS\Programming Logic and Technique\Assignment\VC\bin\link.exe /ERRORREPORT:PROMPT /OUT:"E:\COD CLASS\C++\Assignment-2\Assignment-2\Debug\Assignment-2.exe" /INCREMENTAL /NOLOGO kernel32.lib user32.lib gdi32.lib winspool.lib comdlg32.lib advapi32.lib shell32.lib ole32.lib oleaut32.lib uuid.lib odbc32.lib odbccp32.lib /MANIFEST /ManifestFile:"Debug\Assignment-2.exe.intermediate.manifest" /MANIFESTUAC:"level='asInvoker' uiAccess='false'" /DEBUG /PDB:"E:\COD CLASS\C++\Assignment-2\Assignment-2\Debug\Assignment-2.pdb" /SUBSYSTEM:CONSOLE /TLBID:1 /DYNAMICBASE /NXCOMPAT /IMPLIB:"E:\COD CLASS\C++\Assignment-2\Assignment-2\Debug\Assignment-2.lib" /MACHINE:X86 "Debug\Assignment-2.exe.embed.manifest.res"
         "Debug\Assignment-2.obj"
         Debug\stdafx.obj
       Manifest:
         C:\Program Files\Microsoft SDKs\Windows\v7.0A\bin\mt.exe /nologo /verbose /out:"Debug\Assignment-2.exe.embed.manifest" /manifest "Debug\Assignment-2.exe.intermediate.manifest"
         All outputs are up-to-date.
       LinkEmbedManifest:
         All outputs are up-to-date.
         Assignment-2.vcxproj -> E:\COD CLASS\C++\Assignment-2\Assignment-2\Debug\Assignment-2.exe
       FinalizeBuildStatus:
         Deleting file "Debug\Assignment-2.unsuccessfulbuild".
         Touching "Debug\Assignment-2.lastbuildstate".
     1>Done Building Project "E:\COD CLASS\C++\Assignment-2\Assignment-2\Assignment-2\Assignment-2.vcxproj" (build target(s)).

Build succeeded.

Time Elapsed 00:00:01.65
