Build started 7/15/2013 10:18:15 AM.
     1>Project "C:\Documents and Settings\Jianhua Jiang\Desktop\Assignment-4\part-1\part-1.vcxproj" on node 2 (build target(s)).
     1>InitializeBuildStatus:
         Creating "Debug\part-1.unsuccessfulbuild" because "AlwaysCreate" was specified.
       ClCompile:
         All outputs are up-to-date.
         e:\COD CLASS\Programming Logic and Technique\Assignment\VC\bin\CL.exe /c /ZI /nologo /W3 /WX- /Od /Oy- /D WIN32 /D _DEBUG /D _CONSOLE /D _UNICODE /D UNICODE /Gm /EHsc /RTC1 /MDd /GS /fp:precise /Zc:wchar_t /Zc:forScope /Yu"StdAfx.h" /Fp"Debug\part-1.pch" /Fo"Debug\\" /Fd"Debug\vc100.pdb" /Gd /TP /analyze- /errorReport:prompt "part-1.cpp"
         part-1.cpp
     1>c:\documents and settings\jianhua jiang\desktop\assignment-4\part-1\part-1.cpp(238): warning C4996: 'strcpy': This function or variable may be unsafe. Consider using strcpy_s instead. To disable deprecation, use _CRT_SECURE_NO_WARNINGS. See online help for details.
                 e:\cod class\programming logic and technique\assignment\vc\include\string.h(105) : see declaration of 'strcpy'
     1>c:\documents and settings\jianhua jiang\desktop\assignment-4\part-1\part-1.cpp(242): warning C4996: 'stricmp': The POSIX name for this item is deprecated. Instead, use the ISO C++ conformant name: _stricmp. See online help for details.
                 e:\cod class\programming logic and technique\assignment\vc\include\string.h(246) : see declaration of 'stricmp'
     1>c:\documents and settings\jianhua jiang\desktop\assignment-4\part-1\part-1.cpp(245): warning C4996: 'strcpy': This function or variable may be unsafe. Consider using strcpy_s instead. To disable deprecation, use _CRT_SECURE_NO_WARNINGS. See online help for details.
                 e:\cod class\programming logic and technique\assignment\vc\include\string.h(105) : see declaration of 'strcpy'
     1>c:\documents and settings\jianhua jiang\desktop\assignment-4\part-1\part-1.cpp(269): warning C4996: 'strcpy': This function or variable may be unsafe. Consider using strcpy_s instead. To disable deprecation, use _CRT_SECURE_NO_WARNINGS. See online help for details.
                 e:\cod class\programming logic and technique\assignment\vc\include\string.h(105) : see declaration of 'strcpy'
     1>c:\documents and settings\jianhua jiang\desktop\assignment-4\part-1\part-1.cpp(270): warning C4996: 'strcpy': This function or variable may be unsafe. Consider using strcpy_s instead. To disable deprecation, use _CRT_SECURE_NO_WARNINGS. See online help for details.
                 e:\cod class\programming logic and technique\assignment\vc\include\string.h(105) : see declaration of 'strcpy'
     1>c:\documents and settings\jianhua jiang\desktop\assignment-4\part-1\part-1.cpp(271): warning C4996: 'strcpy': This function or variable may be unsafe. Consider using strcpy_s instead. To disable deprecation, use _CRT_SECURE_NO_WARNINGS. See online help for details.
                 e:\cod class\programming logic and technique\assignment\vc\include\string.h(105) : see declaration of 'strcpy'
     1>c:\documents and settings\jianhua jiang\desktop\assignment-4\part-1\part-1.cpp(290): warning C4996: 'strcpy': This function or variable may be unsafe. Consider using strcpy_s instead. To disable deprecation, use _CRT_SECURE_NO_WARNINGS. See online help for details.
                 e:\cod class\programming logic and technique\assignment\vc\include\string.h(105) : see declaration of 'strcpy'
     1>c:\documents and settings\jianhua jiang\desktop\assignment-4\part-1\part-1.cpp(291): warning C4996: 'strcpy': This function or variable may be unsafe. Consider using strcpy_s instead. To disable deprecation, use _CRT_SECURE_NO_WARNINGS. See online help for details.
                 e:\cod class\programming logic and technique\assignment\vc\include\string.h(105) : see declaration of 'strcpy'
     1>c:\documents and settings\jianhua jiang\desktop\assignment-4\part-1\part-1.cpp(292): warning C4996: 'strcpy': This function or variable may be unsafe. Consider using strcpy_s instead. To disable deprecation, use _CRT_SECURE_NO_WARNINGS. See online help for details.
                 e:\cod class\programming logic and technique\assignment\vc\include\string.h(105) : see declaration of 'strcpy'
     1>c:\documents and settings\jianhua jiang\desktop\assignment-4\part-1\part-1.cpp(306): warning C4101: 'startScan' : unreferenced local variable
     1>c:\documents and settings\jianhua jiang\desktop\assignment-4\part-1\part-1.cpp(342): warning C4996: 'strcpy': This function or variable may be unsafe. Consider using strcpy_s instead. To disable deprecation, use _CRT_SECURE_NO_WARNINGS. See online help for details.
                 e:\cod class\programming logic and technique\assignment\vc\include\string.h(105) : see declaration of 'strcpy'
     1>c:\documents and settings\jianhua jiang\desktop\assignment-4\part-1\part-1.cpp(343): warning C4996: 'strcpy': This function or variable may be unsafe. Consider using strcpy_s instead. To disable deprecation, use _CRT_SECURE_NO_WARNINGS. See online help for details.
                 e:\cod class\programming logic and technique\assignment\vc\include\string.h(105) : see declaration of 'strcpy'
     1>c:\documents and settings\jianhua jiang\desktop\assignment-4\part-1\part-1.cpp(344): warning C4996: 'strcpy': This function or variable may be unsafe. Consider using strcpy_s instead. To disable deprecation, use _CRT_SECURE_NO_WARNINGS. See online help for details.
                 e:\cod class\programming logic and technique\assignment\vc\include\string.h(105) : see declaration of 'strcpy'
     1>c:\documents and settings\jianhua jiang\desktop\assignment-4\part-1\part-1.cpp(363): warning C4996: 'strcpy': This function or variable may be unsafe. Consider using strcpy_s instead. To disable deprecation, use _CRT_SECURE_NO_WARNINGS. See online help for details.
                 e:\cod class\programming logic and technique\assignment\vc\include\string.h(105) : see declaration of 'strcpy'
     1>c:\documents and settings\jianhua jiang\desktop\assignment-4\part-1\part-1.cpp(364): warning C4996: 'strcpy': This function or variable may be unsafe. Consider using strcpy_s instead. To disable deprecation, use _CRT_SECURE_NO_WARNINGS. See online help for details.
                 e:\cod class\programming logic and technique\assignment\vc\include\string.h(105) : see declaration of 'strcpy'
     1>c:\documents and settings\jianhua jiang\desktop\assignment-4\part-1\part-1.cpp(365): warning C4996: 'strcpy': This function or variable may be unsafe. Consider using strcpy_s instead. To disable deprecation, use _CRT_SECURE_NO_WARNINGS. See online help for details.
                 e:\cod class\programming logic and technique\assignment\vc\include\string.h(105) : see declaration of 'strcpy'
     1>c:\documents and settings\jianhua jiang\desktop\assignment-4\part-1\part-1.cpp(388): warning C4996: 'strnicmp': The POSIX name for this item is deprecated. Instead, use the ISO C++ conformant name: _strnicmp. See online help for details.
                 e:\cod class\programming logic and technique\assignment\vc\include\string.h(248) : see declaration of 'strnicmp'
     1>c:\documents and settings\jianhua jiang\desktop\assignment-4\part-1\part-1.cpp(406): warning C4996: 'strnicmp': The POSIX name for this item is deprecated. Instead, use the ISO C++ conformant name: _strnicmp. See online help for details.
                 e:\cod class\programming logic and technique\assignment\vc\include\string.h(248) : see declaration of 'strnicmp'
     1>c:\documents and settings\jianhua jiang\desktop\assignment-4\part-1\part-1.cpp(436): warning C4996: 'strnicmp': The POSIX name for this item is deprecated. Instead, use the ISO C++ conformant name: _strnicmp. See online help for details.
                 e:\cod class\programming logic and technique\assignment\vc\include\string.h(248) : see declaration of 'strnicmp'
     1>c:\documents and settings\jianhua jiang\desktop\assignment-4\part-1\part-1.cpp(473): warning C4996: 'strnicmp': The POSIX name for this item is deprecated. Instead, use the ISO C++ conformant name: _strnicmp. See online help for details.
                 e:\cod class\programming logic and technique\assignment\vc\include\string.h(248) : see declaration of 'strnicmp'
       ManifestResourceCompile:
         All outputs are up-to-date.
       Link:
         e:\COD CLASS\Programming Logic and Technique\Assignment\VC\bin\link.exe /ERRORREPORT:PROMPT /OUT:"C:\Documents and Settings\Jianhua Jiang\Desktop\Assignment-4\Debug\part-1.exe" /INCREMENTAL /NOLOGO kernel32.lib user32.lib gdi32.lib winspool.lib comdlg32.lib advapi32.lib shell32.lib ole32.lib oleaut32.lib uuid.lib odbc32.lib odbccp32.lib /MANIFEST /ManifestFile:"Debug\part-1.exe.intermediate.manifest" /MANIFESTUAC:"level='asInvoker' uiAccess='false'" /DEBUG /PDB:"C:\Documents and Settings\Jianhua Jiang\Desktop\Assignment-4\Debug\part-1.pdb" /SUBSYSTEM:CONSOLE /TLBID:1 /DYNAMICBASE /NXCOMPAT /IMPLIB:"C:\Documents and Settings\Jianhua Jiang\Desktop\Assignment-4\Debug\part-1.lib" /MACHINE:X86 "Debug\part-1.exe.embed.manifest.res"
         "Debug\part-1.obj"
         Debug\stdafx.obj
       Manifest:
         C:\Program Files\Microsoft SDKs\Windows\v7.0A\bin\mt.exe /nologo /verbose /out:"Debug\part-1.exe.embed.manifest" /manifest "Debug\part-1.exe.intermediate.manifest"
         All outputs are up-to-date.
       LinkEmbedManifest:
         All outputs are up-to-date.
         part-1.vcxproj -> C:\Documents and Settings\Jianhua Jiang\Desktop\Assignment-4\Debug\part-1.exe
       FinalizeBuildStatus:
         Deleting file "Debug\part-1.unsuccessfulbuild".
         Touching "Debug\part-1.lastbuildstate".
     1>Done Building Project "C:\Documents and Settings\Jianhua Jiang\Desktop\Assignment-4\part-1\part-1.vcxproj" (build target(s)).

Build succeeded.

Time Elapsed 00:00:01.87
