C:\DOCUMENTS AND SETTINGS\JIANHUA JIANG\DESKTOP\ASSIGNMENT-4\DEBUG\PART-1.EXE
C:\DOCUMENTS AND SETTINGS\JIANHUA JIANG\DESKTOP\ASSIGNMENT-4\DEBUG\PART-1.ILK
C:\DOCUMENTS AND SETTINGS\JIANHUA JIANG\DESKTOP\ASSIGNMENT-4\DEBUG\PART-1.PDB
C:\Documents and Settings\Jianhua Jiang\Desktop\Assignment-4\part-1\Debug\cl.command.1.tlog
C:\Documents and Settings\Jianhua Jiang\Desktop\Assignment-4\part-1\Debug\CL.read.1.tlog
C:\Documents and Settings\Jianhua Jiang\Desktop\Assignment-4\part-1\Debug\CL.write.1.tlog
C:\Documents and Settings\Jianhua Jiang\Desktop\Assignment-4\part-1\Debug\link.2384.read.1.tlog
C:\Documents and Settings\Jianhua Jiang\Desktop\Assignment-4\part-1\Debug\link.2384.write.1.tlog
C:\Documents and Settings\Jianhua Jiang\Desktop\Assignment-4\part-1\Debug\link.2384-cvtres.read.1.tlog
C:\Documents and Settings\Jianhua Jiang\Desktop\Assignment-4\part-1\Debug\link.2384-cvtres.write.1.tlog
C:\Documents and Settings\Jianhua Jiang\Desktop\Assignment-4\part-1\Debug\link.4604.read.1.tlog
C:\Documents and Settings\Jianhua Jiang\Desktop\Assignment-4\part-1\Debug\link.4604.write.1.tlog
C:\Documents and Settings\Jianhua Jiang\Desktop\Assignment-4\part-1\Debug\link.4604-cvtres.read.1.tlog
C:\Documents and Settings\Jianhua Jiang\Desktop\Assignment-4\part-1\Debug\link.4604-cvtres.write.1.tlog
C:\Documents and Settings\Jianhua Jiang\Desktop\Assignment-4\part-1\Debug\link.command.1.tlog
C:\Documents and Settings\Jianhua Jiang\Desktop\Assignment-4\part-1\Debug\link.read.1.tlog
C:\Documents and Settings\Jianhua Jiang\Desktop\Assignment-4\part-1\Debug\link.write.1.tlog
C:\Documents and Settings\Jianhua Jiang\Desktop\Assignment-4\part-1\Debug\link-cvtres.read.1.tlog
C:\Documents and Settings\Jianhua Jiang\Desktop\Assignment-4\part-1\Debug\link-cvtres.write.1.tlog
C:\Documents and Settings\Jianhua Jiang\Desktop\Assignment-4\part-1\Debug\mt.command.1.tlog
C:\Documents and Settings\Jianhua Jiang\Desktop\Assignment-4\part-1\Debug\mt.read.1.tlog
C:\Documents and Settings\Jianhua Jiang\Desktop\Assignment-4\part-1\Debug\mt.write.1.tlog
C:\DOCUMENTS AND SETTINGS\JIANHUA JIANG\DESKTOP\ASSIGNMENT-4\PART-1\DEBUG\PART-1.EXE.EMBED.MANIFEST
C:\DOCUMENTS AND SETTINGS\JIANHUA JIANG\DESKTOP\ASSIGNMENT-4\PART-1\DEBUG\PART-1.EXE.EMBED.MANIFEST.RES
C:\DOCUMENTS AND SETTINGS\JIANHUA JIANG\DESKTOP\ASSIGNMENT-4\PART-1\DEBUG\PART-1.EXE.INTERMEDIATE.MANIFEST
C:\DOCUMENTS AND SETTINGS\JIANHUA JIANG\DESKTOP\ASSIGNMENT-4\PART-1\DEBUG\PART-1.OBJ
C:\DOCUMENTS AND SETTINGS\JIANHUA JIANG\DESKTOP\ASSIGNMENT-4\PART-1\DEBUG\PART-1.PCH
C:\Documents and Settings\Jianhua Jiang\Desktop\Assignment-4\part-1\Debug\part-1_manifest.rc
C:\Documents and Settings\Jianhua Jiang\Desktop\Assignment-4\part-1\Debug\rc.command.1.tlog
C:\Documents and Settings\Jianhua Jiang\Desktop\Assignment-4\part-1\Debug\rc.read.1.tlog
C:\Documents and Settings\Jianhua Jiang\Desktop\Assignment-4\part-1\Debug\rc.write.1.tlog
C:\DOCUMENTS AND SETTINGS\JIANHUA JIANG\DESKTOP\ASSIGNMENT-4\PART-1\DEBUG\STDAFX.OBJ
C:\Documents and Settings\Jianhua Jiang\Desktop\Assignment-4\part-1\Debug\vc100.idb
C:\DOCUMENTS AND SETTINGS\JIANHUA JIANG\DESKTOP\ASSIGNMENT-4\PART-1\DEBUG\VC100.PDB
